<?xml version="1.0" encoding="UTF-8"?>
<testsuite name="press.pelldom.sessionledger.mobile.billing.BillingEngineTest" tests="5" skipped="0" failures="0" errors="0" timestamp="2026-01-13T20:22:25.584Z" hostname="DAUNTLESS" time="0.006">
  <properties/>
  <testcase name="testSessionOverridesAndCategoryMinTime" classname="press.pelldom.sessionledger.mobile.billing.BillingEngineTest" time="0.005"/>
  <testcase name="testGlobalDefaultsRoundingUp" classname="press.pelldom.sessionledger.mobile.billing.BillingEngineTest" time="0.001"/>
  <testcase name="testCategoryMinTime" classname="press.pelldom.sessionledger.mobile.billing.BillingEngineTest" time="0.0"/>
  <testcase name="testMinTimeAndMinCharge" classname="press.pelldom.sessionledger.mobile.billing.BillingEngineTest" time="0.0"/>
  <testcase name="testCategoryMinCharge" classname="press.pelldom.sessionledger.mobile.billing.BillingEngineTest" time="0.0"/>
  <system-out><![CDATA[]]></system-out>
  <system-err><![CDATA[]]></system-err>
</testsuite>
